<?xml version="1.0" encoding="UTF-8"?>
<!-- Generated by org.testng.reporters.JUnitReportReporter -->
<testsuite hostname="Admin-PC" failures="0" tests="1" name="test.WebTableTest" time="16.550" errors="0" timestamp="2024-02-05T21:50:41 GMT+07:00" skipped="0">
  <testcase classname="test.WebTableTest" name="registerNewAccountSuccessfully" time="16.550"/>
  <system-out/>
</testsuite> <!-- test.WebTableTest -->
