<?xml version="1.0" encoding="UTF-8"?>
<!-- Generated by org.testng.reporters.JUnitReportReporter -->
<testsuite hostname="Admin-PC" failures="0" tests="1" name="test.WebTableTest" time="42.771" errors="0" timestamp="2024-03-06T20:47:02 GMT+07:00" skipped="0">
  <testcase classname="test.WebTableTest" name="searchByFirstNameSuccessfully" time="42.771"/>
  <system-out/>
</testsuite> <!-- test.WebTableTest -->
