<?xml version="1.0" encoding="UTF-8"?>
<!-- Generated by org.testng.reporters.JUnitReportReporter -->
<testsuite hostname="Admin-PC" failures="0" tests="1" name="test.FramesTest" time="30.302" errors="0" timestamp="2024-03-18T20:55:14 GMT+07:00" skipped="0">
  <testcase classname="test.FramesTest" name="verifyDisplayFrames" time="30.302"/>
  <system-out/>
</testsuite> <!-- test.FramesTest -->
