<?xml version="1.0" encoding="UTF-8"?>
<!-- Generated by org.testng.reporters.JUnitReportReporter -->
<testsuite hostname="Admin-PC" failures="0" tests="1" name="test.ModalDialogsTest" time="7.241" errors="0" timestamp="2024-03-18T21:38:31 GMT+07:00" skipped="0">
  <testcase classname="test.ModalDialogsTest" name="verifyDisplayModal1" time="7.241"/>
  <system-out/>
</testsuite> <!-- test.ModalDialogsTest -->
